0 info it worked if it ends with ok
1 verbose cli [ '/usr/bin/node', '/usr/bin/npm', 'publish' ]
2 info using npm@1.2.18
3 info using node@v0.10.5
4 verbose node symlink /usr/bin/node
5 verbose publish [ '.' ]
6 verbose read json /home/luetjohann/dial-a-device-node/package.json
7 verbose cache add [ '.', null ]
8 verbose cache add name=undefined spec="." args=[".",null]
9 verbose parsed url { protocol: null,
9 verbose parsed url   slashes: null,
9 verbose parsed url   auth: null,
9 verbose parsed url   host: null,
9 verbose parsed url   port: null,
9 verbose parsed url   hostname: null,
9 verbose parsed url   hash: null,
9 verbose parsed url   search: null,
9 verbose parsed url   query: null,
9 verbose parsed url   pathname: '.',
9 verbose parsed url   path: '.',
9 verbose parsed url   href: '.' }
10 silly lockFile 3a52ce78- .
11 verbose lock . /home/luetjohann/.npm/3a52ce78-.lock
12 verbose read json package.json
13 verbose tar pack [ '/home/luetjohann/tmp/npm-6334/1367829784496-0.9711266041267663/tmp.tgz',
13 verbose tar pack   '.' ]
14 verbose tarball /home/luetjohann/tmp/npm-6334/1367829784496-0.9711266041267663/tmp.tgz
15 verbose folder .
16 info prepublish dial-a-device-node@0.0.1
17 silly lockFile 3a52ce78- .
18 verbose lock . /home/luetjohann/.npm/3a52ce78-.lock
19 silly lockFile 8f3bf36a-84496-0-9711266041267663-tmp-tgz /home/luetjohann/tmp/npm-6334/1367829784496-0.9711266041267663/tmp.tgz
20 verbose lock /home/luetjohann/tmp/npm-6334/1367829784496-0.9711266041267663/tmp.tgz /home/luetjohann/.npm/8f3bf36a-84496-0-9711266041267663-tmp-tgz.lock
21 silly lockFile 3a52ce78- .
22 silly lockFile 3a52ce78- .
23 silly lockFile 8f3bf36a-84496-0-9711266041267663-tmp-tgz /home/luetjohann/tmp/npm-6334/1367829784496-0.9711266041267663/tmp.tgz
24 silly lockFile 8f3bf36a-84496-0-9711266041267663-tmp-tgz /home/luetjohann/tmp/npm-6334/1367829784496-0.9711266041267663/tmp.tgz
25 verbose tar unpack /home/luetjohann/tmp/npm-6334/1367829784496-0.9711266041267663/tmp.tgz
26 silly lockFile f52137ee-84496-0-9711266041267663-package /home/luetjohann/tmp/npm-6334/1367829784496-0.9711266041267663/package
27 verbose lock /home/luetjohann/tmp/npm-6334/1367829784496-0.9711266041267663/package /home/luetjohann/.npm/f52137ee-84496-0-9711266041267663-package.lock
28 silly lockFile 8f3bf36a-84496-0-9711266041267663-tmp-tgz /home/luetjohann/tmp/npm-6334/1367829784496-0.9711266041267663/tmp.tgz
29 verbose lock /home/luetjohann/tmp/npm-6334/1367829784496-0.9711266041267663/tmp.tgz /home/luetjohann/.npm/8f3bf36a-84496-0-9711266041267663-tmp-tgz.lock
30 silly gunzTarPerm modes [ '755', '644' ]
31 silly gunzTarPerm extractEntry package.json
32 silly gunzTarPerm modified mode [ 'package.json', 436, 420 ]
33 silly gunzTarPerm extractEntry .npmignore
34 silly gunzTarPerm modified mode [ '.npmignore', 436, 420 ]
35 silly gunzTarPerm extractEntry README.md
36 silly gunzTarPerm modified mode [ 'README.md', 436, 420 ]
37 silly gunzTarPerm extractEntry dial_a_device_node.js
38 silly gunzTarPerm modified mode [ 'dial_a_device_node.js', 436, 420 ]
39 silly gunzTarPerm extractEntry autorun.js
40 silly gunzTarPerm modified mode [ 'autorun.js', 436, 420 ]
41 silly gunzTarPerm extractEntry LICENSE.txt
42 silly gunzTarPerm modified mode [ 'LICENSE.txt', 436, 420 ]
43 silly gunzTarPerm extractEntry Rakefile
44 silly gunzTarPerm modified mode [ 'Rakefile', 436, 420 ]
45 silly gunzTarPerm extractEntry app/assets/javascripts/dial_a_device_node/consolelogger.js
46 silly gunzTarPerm modified mode [ 'app/assets/javascripts/dial_a_device_node/consolelogger.js',
46 silly gunzTarPerm   509,
46 silly gunzTarPerm   493 ]
47 silly gunzTarPerm extractEntry app/assets/javascripts/dial_a_device_node/deviceconnection.js
48 silly gunzTarPerm modified mode [ 'app/assets/javascripts/dial_a_device_node/deviceconnection.js',
48 silly gunzTarPerm   436,
48 silly gunzTarPerm   420 ]
49 silly gunzTarPerm extractEntry app/assets/javascripts/dial_a_device_node/systemstatus.js
50 silly gunzTarPerm modified mode [ 'app/assets/javascripts/dial_a_device_node/systemstatus.js',
50 silly gunzTarPerm   509,
50 silly gunzTarPerm   493 ]
51 silly gunzTarPerm extractEntry app/assets/javascripts/dial_a_device_node/webconnection.js
52 silly gunzTarPerm modified mode [ 'app/assets/javascripts/dial_a_device_node/webconnection.js',
52 silly gunzTarPerm   509,
52 silly gunzTarPerm   493 ]
53 silly gunzTarPerm extractEntry app/assets/javascripts/dial_a_device_node/devices/heidolph.js
54 silly gunzTarPerm modified mode [ 'app/assets/javascripts/dial_a_device_node/devices/heidolph.js',
54 silly gunzTarPerm   509,
54 silly gunzTarPerm   493 ]
55 silly gunzTarPerm extractEntry app/assets/javascripts/dial_a_device_node/devices/heidolph_SIM.js
56 silly gunzTarPerm modified mode [ 'app/assets/javascripts/dial_a_device_node/devices/heidolph_SIM.js',
56 silly gunzTarPerm   509,
56 silly gunzTarPerm   493 ]
57 silly gunzTarPerm extractEntry app/assets/javascripts/dial_a_device_node/devices/heidolph_UI.js
58 silly gunzTarPerm modified mode [ 'app/assets/javascripts/dial_a_device_node/devices/heidolph_UI.js',
58 silly gunzTarPerm   509,
58 silly gunzTarPerm   493 ]
59 silly gunzTarPerm extractEntry app/assets/javascripts/dial_a_device_node/devices/knf-sc920.js
60 silly gunzTarPerm modified mode [ 'app/assets/javascripts/dial_a_device_node/devices/knf-sc920.js',
60 silly gunzTarPerm   509,
60 silly gunzTarPerm   493 ]
61 silly gunzTarPerm extractEntry app/assets/javascripts/dial_a_device_node/devices/knf-sc920_SIM.js
62 silly gunzTarPerm modified mode [ 'app/assets/javascripts/dial_a_device_node/devices/knf-sc920_SIM.js',
62 silly gunzTarPerm   509,
62 silly gunzTarPerm   493 ]
63 silly gunzTarPerm extractEntry app/assets/javascripts/dial_a_device_node/devices/knf-sc920_UI.js
64 silly gunzTarPerm modified mode [ 'app/assets/javascripts/dial_a_device_node/devices/knf-sc920_UI.js',
64 silly gunzTarPerm   509,
64 silly gunzTarPerm   493 ]
65 silly gunzTarPerm extractEntry app/assets/javascripts/dial_a_device_node/helper/XMLHttpRequest.js
66 silly gunzTarPerm modified mode [ 'app/assets/javascripts/dial_a_device_node/helper/XMLHttpRequest.js',
66 silly gunzTarPerm   436,
66 silly gunzTarPerm   420 ]
67 silly gunzTarPerm extractEntry app/assets/javascripts/dial_a_device_node/helper/agent.js
68 silly gunzTarPerm modified mode [ 'app/assets/javascripts/dial_a_device_node/helper/agent.js',
68 silly gunzTarPerm   436,
68 silly gunzTarPerm   420 ]
69 silly gunzTarPerm extractEntry app/assets/javascripts/dial_a_device_node/helper/ajax.js
70 silly gunzTarPerm modified mode [ 'app/assets/javascripts/dial_a_device_node/helper/ajax.js',
70 silly gunzTarPerm   436,
70 silly gunzTarPerm   420 ]
71 silly gunzTarPerm extractEntry app/assets/javascripts/dial_a_device_node/helper/type.js
72 silly gunzTarPerm modified mode [ 'app/assets/javascripts/dial_a_device_node/helper/type.js',
72 silly gunzTarPerm   436,
72 silly gunzTarPerm   420 ]
73 silly gunzTarPerm extractEntry app/assets/javascripts/dial_a_device_node/php/comport.php
74 silly gunzTarPerm modified mode [ 'app/assets/javascripts/dial_a_device_node/php/comport.php',
74 silly gunzTarPerm   436,
74 silly gunzTarPerm   420 ]
75 silly gunzTarPerm extractEntry app/assets/javascripts/dial_a_device_node/php/php_serial.class.php
76 silly gunzTarPerm modified mode [ 'app/assets/javascripts/dial_a_device_node/php/php_serial.class.php',
76 silly gunzTarPerm   436,
76 silly gunzTarPerm   420 ]
77 silly gunzTarPerm extractEntry app/assets/javascripts/dial_a_device_node/websocket_rails/channel.js.coffee
78 silly gunzTarPerm modified mode [ 'app/assets/javascripts/dial_a_device_node/websocket_rails/channel.js.coffee',
78 silly gunzTarPerm   436,
78 silly gunzTarPerm   420 ]
79 silly gunzTarPerm extractEntry app/assets/javascripts/dial_a_device_node/websocket_rails/event.js.coffee
80 silly gunzTarPerm modified mode [ 'app/assets/javascripts/dial_a_device_node/websocket_rails/event.js.coffee',
80 silly gunzTarPerm   436,
80 silly gunzTarPerm   420 ]
81 silly gunzTarPerm extractEntry app/assets/javascripts/dial_a_device_node/websocket_rails/http_connection.js.coffee
82 silly gunzTarPerm modified mode [ 'app/assets/javascripts/dial_a_device_node/websocket_rails/http_connection.js.coffee',
82 silly gunzTarPerm   436,
82 silly gunzTarPerm   420 ]
83 silly gunzTarPerm extractEntry app/assets/javascripts/dial_a_device_node/websocket_rails/websocket_connection.js.coffee
84 silly gunzTarPerm modified mode [ 'app/assets/javascripts/dial_a_device_node/websocket_rails/websocket_connection.js.coffee',
84 silly gunzTarPerm   436,
84 silly gunzTarPerm   420 ]
85 silly gunzTarPerm extractEntry app/assets/javascripts/dial_a_device_node/websocket_rails/websocket_rails.js.coffee
86 silly gunzTarPerm modified mode [ 'app/assets/javascripts/dial_a_device_node/websocket_rails/websocket_rails.js.coffee',
86 silly gunzTarPerm   436,
86 silly gunzTarPerm   420 ]
87 silly gunzTarPerm extractEntry Gemfile
88 silly gunzTarPerm modified mode [ 'Gemfile', 436, 420 ]
89 silly gunzTarPerm extractEntry dial_a_device_node.gemspec
90 silly gunzTarPerm modified mode [ 'dial_a_device_node.gemspec', 436, 420 ]
91 silly gunzTarPerm extractEntry lib/dial_a_device_node/version.rb
92 silly gunzTarPerm modified mode [ 'lib/dial_a_device_node/version.rb', 436, 420 ]
93 silly gunzTarPerm extractEntry lib/dial_a_device_node.rb
94 silly gunzTarPerm modified mode [ 'lib/dial_a_device_node.rb', 436, 420 ]
95 verbose read json /home/luetjohann/tmp/npm-6334/1367829784496-0.9711266041267663/package/package.json
96 silly lockFile f52137ee-84496-0-9711266041267663-package /home/luetjohann/tmp/npm-6334/1367829784496-0.9711266041267663/package
97 silly lockFile f52137ee-84496-0-9711266041267663-package /home/luetjohann/tmp/npm-6334/1367829784496-0.9711266041267663/package
98 silly lockFile 8f3bf36a-84496-0-9711266041267663-tmp-tgz /home/luetjohann/tmp/npm-6334/1367829784496-0.9711266041267663/tmp.tgz
99 silly lockFile 8f3bf36a-84496-0-9711266041267663-tmp-tgz /home/luetjohann/tmp/npm-6334/1367829784496-0.9711266041267663/tmp.tgz
100 verbose from cache /home/luetjohann/tmp/npm-6334/1367829784496-0.9711266041267663/package/package.json
101 verbose tar pack [ '/home/luetjohann/.npm/dial-a-device-node/0.0.1/package.tgz',
101 verbose tar pack   '/home/luetjohann/tmp/npm-6334/1367829784496-0.9711266041267663/package' ]
102 verbose tarball /home/luetjohann/.npm/dial-a-device-node/0.0.1/package.tgz
103 verbose folder /home/luetjohann/tmp/npm-6334/1367829784496-0.9711266041267663/package
104 silly lockFile f52137ee-84496-0-9711266041267663-package /home/luetjohann/tmp/npm-6334/1367829784496-0.9711266041267663/package
105 verbose lock /home/luetjohann/tmp/npm-6334/1367829784496-0.9711266041267663/package /home/luetjohann/.npm/f52137ee-84496-0-9711266041267663-package.lock
106 silly lockFile 996c8cb2--a-device-node-0-0-1-package-tgz /home/luetjohann/.npm/dial-a-device-node/0.0.1/package.tgz
107 verbose lock /home/luetjohann/.npm/dial-a-device-node/0.0.1/package.tgz /home/luetjohann/.npm/996c8cb2--a-device-node-0-0-1-package-tgz.lock
108 silly lockFile f52137ee-84496-0-9711266041267663-package /home/luetjohann/tmp/npm-6334/1367829784496-0.9711266041267663/package
109 silly lockFile f52137ee-84496-0-9711266041267663-package /home/luetjohann/tmp/npm-6334/1367829784496-0.9711266041267663/package
110 silly lockFile 996c8cb2--a-device-node-0-0-1-package-tgz /home/luetjohann/.npm/dial-a-device-node/0.0.1/package.tgz
111 silly lockFile 996c8cb2--a-device-node-0-0-1-package-tgz /home/luetjohann/.npm/dial-a-device-node/0.0.1/package.tgz
112 silly lockFile 18de0434-dial-a-device-node-0-0-1-package /home/luetjohann/.npm/dial-a-device-node/0.0.1/package
113 verbose lock /home/luetjohann/.npm/dial-a-device-node/0.0.1/package /home/luetjohann/.npm/18de0434-dial-a-device-node-0-0-1-package.lock
114 silly lockFile 18de0434-dial-a-device-node-0-0-1-package /home/luetjohann/.npm/dial-a-device-node/0.0.1/package
115 silly lockFile 18de0434-dial-a-device-node-0-0-1-package /home/luetjohann/.npm/dial-a-device-node/0.0.1/package
116 verbose tar unpack /home/luetjohann/.npm/dial-a-device-node/0.0.1/package.tgz
117 silly lockFile 18de0434-dial-a-device-node-0-0-1-package /home/luetjohann/.npm/dial-a-device-node/0.0.1/package
118 verbose lock /home/luetjohann/.npm/dial-a-device-node/0.0.1/package /home/luetjohann/.npm/18de0434-dial-a-device-node-0-0-1-package.lock
119 silly lockFile 996c8cb2--a-device-node-0-0-1-package-tgz /home/luetjohann/.npm/dial-a-device-node/0.0.1/package.tgz
120 verbose lock /home/luetjohann/.npm/dial-a-device-node/0.0.1/package.tgz /home/luetjohann/.npm/996c8cb2--a-device-node-0-0-1-package-tgz.lock
121 silly gunzTarPerm modes [ '755', '644' ]
122 silly gunzTarPerm extractEntry package.json
123 silly gunzTarPerm extractEntry .npmignore
124 silly gunzTarPerm extractEntry README.md
125 silly gunzTarPerm extractEntry autorun.js
126 silly gunzTarPerm extractEntry dial_a_device_node.js
127 silly gunzTarPerm extractEntry LICENSE.txt
128 silly gunzTarPerm extractEntry Rakefile
129 silly gunzTarPerm extractEntry Gemfile
130 silly gunzTarPerm extractEntry dial_a_device_node.gemspec
131 silly gunzTarPerm extractEntry lib/dial_a_device_node/version.rb
132 silly gunzTarPerm extractEntry lib/dial_a_device_node.rb
133 silly gunzTarPerm extractEntry app/assets/javascripts/dial_a_device_node/consolelogger.js
134 silly gunzTarPerm extractEntry app/assets/javascripts/dial_a_device_node/deviceconnection.js
135 silly gunzTarPerm extractEntry app/assets/javascripts/dial_a_device_node/systemstatus.js
136 silly gunzTarPerm extractEntry app/assets/javascripts/dial_a_device_node/webconnection.js
137 silly gunzTarPerm extractEntry app/assets/javascripts/dial_a_device_node/devices/heidolph.js
138 silly gunzTarPerm extractEntry app/assets/javascripts/dial_a_device_node/devices/heidolph_SIM.js
139 silly gunzTarPerm extractEntry app/assets/javascripts/dial_a_device_node/devices/heidolph_UI.js
140 silly gunzTarPerm extractEntry app/assets/javascripts/dial_a_device_node/devices/knf-sc920.js
141 silly gunzTarPerm extractEntry app/assets/javascripts/dial_a_device_node/devices/knf-sc920_SIM.js
142 silly gunzTarPerm extractEntry app/assets/javascripts/dial_a_device_node/devices/knf-sc920_UI.js
143 silly gunzTarPerm extractEntry app/assets/javascripts/dial_a_device_node/helper/XMLHttpRequest.js
144 silly gunzTarPerm extractEntry app/assets/javascripts/dial_a_device_node/helper/agent.js
145 silly gunzTarPerm extractEntry app/assets/javascripts/dial_a_device_node/helper/ajax.js
146 silly gunzTarPerm extractEntry app/assets/javascripts/dial_a_device_node/helper/type.js
147 silly gunzTarPerm extractEntry app/assets/javascripts/dial_a_device_node/php/comport.php
148 silly gunzTarPerm extractEntry app/assets/javascripts/dial_a_device_node/php/php_serial.class.php
149 silly gunzTarPerm extractEntry app/assets/javascripts/dial_a_device_node/websocket_rails/channel.js.coffee
150 silly gunzTarPerm extractEntry app/assets/javascripts/dial_a_device_node/websocket_rails/event.js.coffee
151 silly gunzTarPerm extractEntry app/assets/javascripts/dial_a_device_node/websocket_rails/http_connection.js.coffee
152 silly gunzTarPerm extractEntry app/assets/javascripts/dial_a_device_node/websocket_rails/websocket_connection.js.coffee
153 silly gunzTarPerm extractEntry app/assets/javascripts/dial_a_device_node/websocket_rails/websocket_rails.js.coffee
154 verbose read json /home/luetjohann/.npm/dial-a-device-node/0.0.1/package/package.json
155 silly lockFile 18de0434-dial-a-device-node-0-0-1-package /home/luetjohann/.npm/dial-a-device-node/0.0.1/package
156 silly lockFile 18de0434-dial-a-device-node-0-0-1-package /home/luetjohann/.npm/dial-a-device-node/0.0.1/package
157 silly lockFile 996c8cb2--a-device-node-0-0-1-package-tgz /home/luetjohann/.npm/dial-a-device-node/0.0.1/package.tgz
158 silly lockFile 996c8cb2--a-device-node-0-0-1-package-tgz /home/luetjohann/.npm/dial-a-device-node/0.0.1/package.tgz
159 silly shasum updated bytes 37057
160 info shasum d2cd3b485980b4dce2aa8fd81cf570f66ed2f69c
160 info shasum /home/luetjohann/.npm/dial-a-device-node/0.0.1/package.tgz
161 verbose from cache /home/luetjohann/.npm/dial-a-device-node/0.0.1/package/package.json
162 verbose chmod /home/luetjohann/.npm/dial-a-device-node/0.0.1/package.tgz 644
163 verbose chown /home/luetjohann/.npm/dial-a-device-node/0.0.1/package.tgz [ 1000, 1000 ]
164 silly lockFile 3a52ce78- .
165 silly publish { name: 'dial-a-device-node',
165 silly publish   version: '0.0.1',
165 silly publish   description: 'dial-a-device-node ==================',
165 silly publish   main: 'dial_a_device_node.js',
165 silly publish   dependencies: { serialport: '~1.1.0' },
165 silly publish   devDependencies: { 'coffee-script': '~1.6.1' },
165 silly publish   scripts: { test: 'echo "Error: no test specified" && exit 1' },
165 silly publish   repository:
165 silly publish    { type: 'git',
165 silly publish      url: 'https://github.com/Cominch/dial-a-device-node.git' },
165 silly publish   keywords:
165 silly publish    [ 'device control',
165 silly publish      'remote',
165 silly publish      'serial port',
165 silly publish      'serialport',
165 silly publish      'chemistry',
165 silly publish      'lab automation' ],
165 silly publish   author: { name: 'Dominic Lütjohann' },
165 silly publish   license: 'GPLv3',
165 silly publish   readmeFilename: 'README.md',
165 silly publish   gitHead: '9331d91b8cad0fe2df68062e2ee6a24c07984971',
165 silly publish   readme: 'dial-a-device-node\n==================\n\nThis package contains a gem AND a npm package AND a standalone node.js application.\n\n## Installation in node.js\n\n* Install the latest node.js and node package manager\n\n\t\tsudo add-apt-repository ppa:chris-lea/node.js\n\t\tsudo apt-get update\n\t\tsudo apt-get install python-software-properties nodejs git-core curl build-essential openssl libssl-dev npm coffeescript\n\n* Install the dial-a-device-node npm package\n\n\t\tsudo npm install dial-a-device-node\n\n* If this doesn\'t work, install the packages manually: Download the dial-a-device-node source code and the required packages\n\n\t\tsudo git clone https://github.com/Cominch/dial-a-device-node.git\n\t\tcd dial-a-device-node\n\t\tsudo npm install coffee-script\n\t\tsudo npm install serialport\n\n* Go!\n\n\tMake sure your user is in the dialout group or give full access to your serial port\n\n\t\tsudo chmod 777 /dev/ttyUSB0\n\n\tEdit dial_a_device_node.js\n\n\t\tDefine your serial port and websocket URL, if you don\'t want to use the default values\n\n\tRun the dial-a-device-node client\n\n\t\tnodejs autorun.js\n\n\n## Installation as part of a Ruby on Rails project (gem)\n\nAdd this line to your application\'s Gemfile:\n\n    gem \'dial_a_device_node\'\n\nAnd then execute:\n\n    $ bundle\n\nOr install it yourself as:\n\n    $ gem install dial_a_device_node\n\n\n## License\n\nGPLv3',
165 silly publish   _id: 'dial-a-device-node@0.0.1',
165 silly publish   dist: { shasum: 'd2cd3b485980b4dce2aa8fd81cf570f66ed2f69c' },
165 silly publish   _from: '.' }
166 verbose url raw dial-a-device-node
167 verbose url resolving [ 'https://registry.npmjs.org/', './dial-a-device-node' ]
168 verbose url resolved https://registry.npmjs.org/dial-a-device-node
169 info trying registry request attempt 1 at 10:43:15
170 http PUT https://registry.npmjs.org/dial-a-device-node
171 http 409 https://registry.npmjs.org/dial-a-device-node
172 verbose url raw dial-a-device-node
173 verbose url resolving [ 'https://registry.npmjs.org/', './dial-a-device-node' ]
174 verbose url resolved https://registry.npmjs.org/dial-a-device-node
175 info trying registry request attempt 1 at 10:43:16
176 http GET https://registry.npmjs.org/dial-a-device-node
177 http 200 https://registry.npmjs.org/dial-a-device-node
178 error publish fail Cannot publish over existing version.
178 error publish fail Update the 'version' field in package.json and try again.
178 error publish fail
178 error publish fail If the previous version was published in error, see:
178 error publish fail     npm help unpublish
178 error publish fail
178 error publish fail To automatically increment version numbers, see:
178 error publish fail     npm help version
179 error System Linux 3.8.0-19-generic
180 error command "/usr/bin/node" "/usr/bin/npm" "publish"
181 error cwd /home/luetjohann/dial-a-device-node
182 error node -v v0.10.5
183 error npm -v 1.2.18
184 error code EPUBLISHCONFLICT
185 verbose exit [ 1, true ]
